<?xml version="1.0" encoding="UTF-8"?>
<!-- Generated by org.testng.reporters.JUnitReportReporter -->
<testsuite skipped="0" hostname="rojalins7" name="SeeleniumTest.Test1" tests="3" failures="0" timestamp="14 Jan 2017 09:55:13 GMT" time="0.010" errors="0">
  <testcase name="navigateToElectronicSection" time="0.000" classname="SeeleniumTest.Test1"/>
  <testcase name="testcase" time="0.005" classname="SeeleniumTest.Test1"/>
  <testcase name="navigateToWomenSection" time="0.005" classname="SeeleniumTest.Test1"/>
</testsuite> <!-- SeeleniumTest.Test1 -->
