<?xml version="1.0" encoding="UTF-8"?>
<!-- Generated by org.testng.reporters.JUnitReportReporter -->
<testsuite skipped="0" hostname="rojalins7" name="SeeleniumTest.GroupTests" tests="2" failures="0" timestamp="20 Feb 2017 17:18:21 GMT" time="0.000" errors="0">
  <testcase name="navigateToWomenSection" time="0.000" classname="SeeleniumTest.GroupTests"/>
  <testcase name="navigateToElectronicSection" time="0.000" classname="SeeleniumTest.GroupTests"/>
</testsuite> <!-- SeeleniumTest.GroupTests -->
