<?xml version="1.0" encoding="UTF-8"?>
<!-- Generated by org.testng.reporters.JUnitReportReporter -->
<testsuite skipped="0" hostname="rojalins7" name="SeeleniumTest.Test2" tests="4" failures="0" timestamp="14 Jan 2017 09:55:13 GMT" time="0.015" errors="0">
  <testcase name="FilterByDiscount" time="0.005" classname="SeeleniumTest.Test2"/>
  <testcase name="FilterByPrice" time="0.005" classname="SeeleniumTest.Test2"/>
  <testcase name="testcase" time="0.000" classname="SeeleniumTest.Test2"/>
  <testcase name="searchWKurta" time="0.005" classname="SeeleniumTest.Test2"/>
</testsuite> <!-- SeeleniumTest.Test2 -->
